Flow report for pwn_bot
Wed Mar 14 21:28:43 2012
Quartus II Version 11.0 Build 208 07/03/2011 Service Pack 1 SJ Full Version


---------------------
; Table of Contents ;
---------------------
  1. Legal Notice
  2. Flow Summary
  3. Flow Settings
  4. Flow Non-Default Global Settings
  5. Flow Elapsed Time
  6. Flow OS Summary
  7. Flow Log



----------------
; Legal Notice ;
----------------
Copyright (C) 1991-2011 Altera Corporation
Your use of Altera Corporation's design tools, logic functions 
and other software and tools, and its AMPP partner logic 
functions, and any output files from any of the foregoing 
(including device programming or simulation files), and any 
associated documentation or information are expressly subject 
to the terms and conditions of the Altera Program License 
Subscription Agreement, Altera MegaCore Function License 
Agreement, or other applicable license agreement, including, 
without limitation, that your use is for the sole purpose of 
programming logic devices manufactured by Altera and sold by 
Altera or its authorized distributors.  Please refer to the 
applicable agreement for further details.



+-------------------------------------------------------------------------------------+
; Flow Summary                                                                        ;
+------------------------------------+------------------------------------------------+
; Flow Status                        ; Successful - Wed Mar 14 21:28:42 2012          ;
; Quartus II Version                 ; 11.0 Build 208 07/03/2011 SP 1 SJ Full Version ;
; Revision Name                      ; pwn_bot                                        ;
; Top-level Entity Name              ; serial_port_test                               ;
; Family                             ; Cyclone II                                     ;
; Device                             ; EP2C35F672C6                                   ;
; Timing Models                      ; Final                                          ;
; Total logic elements               ; 311 / 33,216 ( < 1 % )                         ;
;     Total combinational functions  ; 311 / 33,216 ( < 1 % )                         ;
;     Dedicated logic registers      ; 219 / 33,216 ( < 1 % )                         ;
; Total registers                    ; 219                                            ;
; Total pins                         ; 7 / 475 ( 1 % )                                ;
; Total virtual pins                 ; 0                                              ;
; Total memory bits                  ; 2,048 / 483,840 ( < 1 % )                      ;
; Embedded Multiplier 9-bit elements ; 0 / 70 ( 0 % )                                 ;
; Total PLLs                         ; 0 / 4 ( 0 % )                                  ;
+------------------------------------+------------------------------------------------+


+-----------------------------------------+
; Flow Settings                           ;
+-------------------+---------------------+
; Option            ; Setting             ;
+-------------------+---------------------+
; Start date & time ; 03/14/2012 21:28:08 ;
; Main task         ; Compilation         ;
; Revision Name     ; pwn_bot             ;
+-------------------+---------------------+


+-----------------------------------------------------------------------------------------------------------------------------+
; Flow Non-Default Global Settings                                                                                            ;
+-------------------------------------+---------------------------------------+---------------+------------------+------------+
; Assignment Name                     ; Value                                 ; Default Value ; Entity Name      ; Section Id ;
+-------------------------------------+---------------------------------------+---------------+------------------+------------+
; COMPILER_SIGNATURE_ID               ; 130188662007.133177128806076          ; --            ; --               ; --         ;
; MAX_CORE_JUNCTION_TEMP              ; 85                                    ; --            ; --               ; --         ;
; MIN_CORE_JUNCTION_TEMP              ; 0                                     ; --            ; --               ; --         ;
; PARTITION_COLOR                     ; 16764057                              ; --            ; serial_port_test ; Top        ;
; PARTITION_FITTER_PRESERVATION_LEVEL ; PLACEMENT_AND_ROUTING                 ; --            ; serial_port_test ; Top        ;
; PARTITION_NETLIST_TYPE              ; SOURCE                                ; --            ; serial_port_test ; Top        ;
; POWER_BOARD_THERMAL_MODEL           ; None (CONSERVATIVE)                   ; --            ; --               ; --         ;
; POWER_PRESET_COOLING_SOLUTION       ; 23 MM HEAT SINK WITH 200 LFPM AIRFLOW ; --            ; --               ; --         ;
; TOP_LEVEL_ENTITY                    ; serial_port_test                      ; pwn_bot       ; --               ; --         ;
+-------------------------------------+---------------------------------------+---------------+------------------+------------+


+-------------------------------------------------------------------------------------------------------------------------------+
; Flow Elapsed Time                                                                                                             ;
+---------------------------+--------------+-------------------------+---------------------+------------------------------------+
; Module Name               ; Elapsed Time ; Average Processors Used ; Peak Virtual Memory ; Total CPU Time (on all processors) ;
+---------------------------+--------------+-------------------------+---------------------+------------------------------------+
; Analysis & Synthesis      ; 00:00:09     ; 1.0                     ; 253 MB              ; 00:00:07                           ;
; Fitter                    ; 00:00:14     ; 1.4                     ; 355 MB              ; 00:00:12                           ;
; TimeQuest Timing Analyzer ; 00:00:11     ; 1.0                     ; 247 MB              ; 00:00:06                           ;
; Assembler                 ; 00:00:08     ; 1.0                     ; 280 MB              ; 00:00:07                           ;
; Total                     ; 00:00:42     ; --                      ; --                  ; 00:00:32                           ;
+---------------------------+--------------+-------------------------+---------------------+------------------------------------+


+-----------------------------------------------------------------------------------------+
; Flow OS Summary                                                                         ;
+---------------------------+------------------+------------+------------+----------------+
; Module Name               ; Machine Hostname ; OS Name    ; OS Version ; Processor type ;
+---------------------------+------------------+------------+------------+----------------+
; Analysis & Synthesis      ; gc127m09         ; Windows XP ; 5.1        ; i686           ;
; Fitter                    ; gc127m09         ; Windows XP ; 5.1        ; i686           ;
; TimeQuest Timing Analyzer ; gc127m09         ; Windows XP ; 5.1        ; i686           ;
; Assembler                 ; gc127m09         ; Windows XP ; 5.1        ; i686           ;
+---------------------------+------------------+------------+------------+----------------+


------------
; Flow Log ;
------------
quartus_map --read_settings_files=on --write_settings_files=off pwn_bot -c pwn_bot
quartus_fit --read_settings_files=off --write_settings_files=off pwn_bot -c pwn_bot
quartus_sta pwn_bot -c pwn_bot
quartus_asm --read_settings_files=off --write_settings_files=off pwn_bot -c pwn_bot



